2025-04-01T12:42:13Z|copy_multiple_videos_to_project.stdout_success||complete||8 videos copied to project.
2025-04-01T12:45:15Z|.stdout_success||complete||Imported 8 pose estimation file(s) to directory
2025-04-01T12:52:25Z|.stdout_success||complete||Project directory tree and project_config.ini created in C:/Users/User/Desktop/Tank2_o1-o2_hot\God30\project_folder
2025-04-01T13:54:19Z|SimbaProjectPopUp.stdout_success||complete||Loaded project C:/Users/User/Desktop/Tank1b_o1-o2_control/God20/project_folder/project_config.ini
2025-04-01T13:54:56Z|VideoInfoTable||CLASS_INIT||config_path: C:/Users/User/Desktop/Tank1b_o1-o2_control/God20/project_folder/project_config.ini
2025-04-01T13:55:31Z|VideoInfoTable.InvalidInputError||error||SIMBA VALUE ERROR: The *DISTANCE IN MM* for video C:/Users/User/Desktop/Tank1b_o1-o2_control\God20\project_folder\videos\6Sept24_Tank1_Dawn_pt1_1080p.mp4 is <=0. The *DISTANCE IN MM* has to be a value above 0.
2025-04-01T13:59:08Z|VideoInfoTable.stdout_success||complete||Video info saved at project_folder/logs/video_info.csv
2025-04-01T13:59:37Z|OutlierCorrectionSkipper.DataHeaderError||error||SIMBA DATA HEADER ERROR: SIMBA ERROR: SimBA expects 21 columns of data inside the files within project_folder/csv/input_csv directory. However, within file C:/Users/User/Desktop/Tank1b_o1-o2_control\God20\project_folder\csv\input_csv\6Sept24_Tank1_Dawn_pt1_1080p.csv file, SimBA found 57 columns. Thus, there is 36 more data columns in the imported data than anticipated, which may represent 12 bodyparts if each body-part has an x, y and p value. Either revise the SimBA project pose-configuration with 12 more body-part, or include 12 less body-part in the imported data
2025-04-01T14:01:48Z|OutlierCorrectionSkipper.DataHeaderError||error||SIMBA DATA HEADER ERROR: SIMBA ERROR: SimBA expects 15 columns of data inside the files within project_folder/csv/input_csv directory. However, within file C:/Users/User/Desktop/Tank1b_o1-o2_control\God20\project_folder\csv\input_csv\6Sept24_Tank1_Dawn_pt1_1080p.csv file, SimBA found 57 columns. Thus, there is 42 more data columns in the imported data than anticipated, which may represent 14 bodyparts if each body-part has an x, y and p value. Either revise the SimBA project pose-configuration with 14 more body-part, or include 14 less body-part in the imported data
2025-04-01T14:18:38Z|OutlierCorrectionSkipper.DataHeaderError||error||SIMBA DATA HEADER ERROR: SIMBA ERROR: SimBA expects 15 columns of data inside the files within project_folder/csv/input_csv directory. However, within file C:/Users/User/Desktop/Tank1b_o1-o2_control\God20\project_folder\csv\input_csv\6Sept24_Tank1_Dawn_pt1_1080p.csv file, SimBA found 57 columns. Thus, there is 42 more data columns in the imported data than anticipated, which may represent 14 bodyparts if each body-part has an x, y and p value. Either revise the SimBA project pose-configuration with 14 more body-part, or include 14 less body-part in the imported data
2025-04-01T14:18:48Z|OutlierCorrectionSkipper.DataHeaderError||error||SIMBA DATA HEADER ERROR: SIMBA ERROR: SimBA expects 15 columns of data inside the files within project_folder/csv/input_csv directory. However, within file C:/Users/User/Desktop/Tank1b_o1-o2_control\God20\project_folder\csv\input_csv\6Sept24_Tank1_Dawn_pt1_1080p.csv file, SimBA found 57 columns. Thus, there is 42 more data columns in the imported data than anticipated, which may represent 14 bodyparts if each body-part has an x, y and p value. Either revise the SimBA project pose-configuration with 14 more body-part, or include 14 less body-part in the imported data
2025-04-01T14:19:26Z|.stdout_success||complete||Skipped outlier correction for 8 files
2025-04-01T14:34:24Z|SimbaProjectPopUp.stdout_success||complete||Custom feature extraction complete!
2025-04-01T19:10:14Z|SimbaProjectPopUp.stdout_success||complete||Loaded project C:/Users/User/Desktop/Tank1b_o1-o2_control/God20/project_folder/project_config.ini
2025-04-01T19:10:20Z|ROI_definitions||CLASS_INIT||video_path: C:/Users/User/Desktop/Tank1b_o1-o2_control\God20\project_folder\videos\6Sept24_Tank1_Dawn_pt1_1080p.mp4, config_path: C:/Users/User/Desktop/Tank1b_o1-o2_control/God20/project_folder/project_config.ini
2025-04-01T19:12:57Z|ROI_definitions.stdout_success||complete||ROI definitions saved for video: 6Sept24_Tank1_Dawn_pt1_1080p
2025-04-01T19:13:00Z|ROI_definitions||CLASS_INIT||video_path: C:/Users/User/Desktop/Tank1b_o1-o2_control\God20\project_folder\videos\6Sept24_Tank1_Dawn_pt2_1080p.mp4, config_path: C:/Users/User/Desktop/Tank1b_o1-o2_control/God20/project_folder/project_config.ini
2025-04-01T19:13:06Z|ROI_definitions.stdout_success||complete||ROI definitions saved for video: 6Sept24_Tank1_Dawn_pt2_1080p
2025-04-01T19:13:10Z|ROI_definitions||CLASS_INIT||video_path: C:/Users/User/Desktop/Tank1b_o1-o2_control\God20\project_folder\videos\6Sept24_Tank1_Midday_pt1_1080p.mp4, config_path: C:/Users/User/Desktop/Tank1b_o1-o2_control/God20/project_folder/project_config.ini
2025-04-01T19:13:29Z|ROI_definitions.NoROIDataError||error||SIMBA NO ROI DATA ERROR: No shape type selected.
2025-04-01T19:16:13Z|ROI_definitions.stdout_success||complete||ROI definitions saved for video: 6Sept24_Tank1_Midday_pt1_1080p
2025-04-01T19:16:21Z|ROI_definitions||CLASS_INIT||video_path: C:/Users/User/Desktop/Tank1b_o1-o2_control\God20\project_folder\videos\6Sept24_Tank1_Midday_pt2_1080p.mp4, config_path: C:/Users/User/Desktop/Tank1b_o1-o2_control/God20/project_folder/project_config.ini
2025-04-01T19:16:29Z|ROI_definitions.stdout_success||complete||ROI definitions saved for video: 6Sept24_Tank1_Midday_pt2_1080p
2025-04-01T19:16:33Z|ROI_definitions||CLASS_INIT||video_path: C:/Users/User/Desktop/Tank1b_o1-o2_control\God20\project_folder\videos\7Sept24_Tank1_Dawn_pt1_1080p.mp4, config_path: C:/Users/User/Desktop/Tank1b_o1-o2_control/God20/project_folder/project_config.ini
2025-04-01T19:19:27Z|ROI_definitions.stdout_success||complete||ROI definitions saved for video: 7Sept24_Tank1_Dawn_pt1_1080p
2025-04-01T19:19:30Z|ROI_definitions.stdout_success||complete||ROI definitions saved for video: 7Sept24_Tank1_Dawn_pt1_1080p
2025-04-01T19:19:34Z|ROI_definitions||CLASS_INIT||video_path: C:/Users/User/Desktop/Tank1b_o1-o2_control\God20\project_folder\videos\7Sept24_Tank1_Dawn_pt2_1080p.mp4, config_path: C:/Users/User/Desktop/Tank1b_o1-o2_control/God20/project_folder/project_config.ini
2025-04-01T19:21:13Z|SimbaProjectPopUp.stdout_success||complete||Loaded project C:/Users/User/Desktop/Tank1b_o1-o2_control/God20/project_folder/project_config.ini
2025-04-01T19:21:18Z|ROI_definitions||CLASS_INIT||video_path: C:/Users/User/Desktop/Tank1b_o1-o2_control\God20\project_folder\videos\6Sept24_Tank1_Midday_pt2_1080p.mp4, config_path: C:/Users/User/Desktop/Tank1b_o1-o2_control/God20/project_folder/project_config.ini
2025-04-01T19:21:21Z|ROI_definitions||CLASS_INIT||video_path: C:/Users/User/Desktop/Tank1b_o1-o2_control\God20\project_folder\videos\7Sept24_Tank1_Dawn_pt1_1080p.mp4, config_path: C:/Users/User/Desktop/Tank1b_o1-o2_control/God20/project_folder/project_config.ini
2025-04-01T19:21:24Z|ROI_definitions||CLASS_INIT||video_path: C:/Users/User/Desktop/Tank1b_o1-o2_control\God20\project_folder\videos\7Sept24_Tank1_Dawn_pt2_1080p.mp4, config_path: C:/Users/User/Desktop/Tank1b_o1-o2_control/God20/project_folder/project_config.ini
2025-04-01T19:21:45Z|ROI_definitions.stdout_success||complete||ROI definitions saved for video: 7Sept24_Tank1_Dawn_pt2_1080p
2025-04-01T19:21:50Z|ROI_definitions||CLASS_INIT||video_path: C:/Users/User/Desktop/Tank1b_o1-o2_control\God20\project_folder\videos\7Sept24_Tank1_Dawn_pt2_1080p.mp4, config_path: C:/Users/User/Desktop/Tank1b_o1-o2_control/God20/project_folder/project_config.ini
2025-04-01T19:21:53Z|ROI_definitions||CLASS_INIT||video_path: C:/Users/User/Desktop/Tank1b_o1-o2_control\God20\project_folder\videos\7Sept24_Tank1_Midday_pt1_1080p.mp4, config_path: C:/Users/User/Desktop/Tank1b_o1-o2_control/God20/project_folder/project_config.ini
2025-04-01T19:21:58Z|ROI_definitions||CLASS_INIT||video_path: C:/Users/User/Desktop/Tank1b_o1-o2_control\God20\project_folder\videos\7Sept24_Tank1_Midday_pt2_1080p.mp4, config_path: C:/Users/User/Desktop/Tank1b_o1-o2_control/God20/project_folder/project_config.ini
2025-04-01T19:24:58Z|ROI_definitions.stdout_success||complete||ROI definitions saved for video: 7Sept24_Tank1_Midday_pt2_1080p
2025-04-01T19:25:03Z|ROI_definitions||CLASS_INIT||video_path: C:/Users/User/Desktop/Tank1b_o1-o2_control\God20\project_folder\videos\7Sept24_Tank1_Midday_pt2_1080p.mp4, config_path: C:/Users/User/Desktop/Tank1b_o1-o2_control/God20/project_folder/project_config.ini
2025-04-01T19:25:11Z|ROI_definitions||CLASS_INIT||video_path: C:/Users/User/Desktop/Tank1b_o1-o2_control\God20\project_folder\videos\7Sept24_Tank1_Midday_pt1_1080p.mp4, config_path: C:/Users/User/Desktop/Tank1b_o1-o2_control/God20/project_folder/project_config.ini
2025-04-01T19:25:26Z|ROI_definitions.stdout_success||complete||ROI definitions saved for video: 7Sept24_Tank1_Midday_pt1_1080p
2025-04-01T19:25:57Z|ROIFeatureCreator||CLASS_INIT||append_data: True, data_path: None, body_parts: ['bodypart16', 'bodypart2'], config_path: C:/Users/User/Desktop/Tank1b_o1-o2_control/God20/project_folder/project_config.ini
2025-04-01T19:25:57Z|ROIFeatureCreator||CLASS_INIT||append_data: True, data_path: None, body_parts: ['bodypart16', 'bodypart2'], config_path: C:/Users/User/Desktop/Tank1b_o1-o2_control/God20/project_folder/project_config.ini, animal: Animal_1, cnt: 1, bp: bodypart2
2025-04-01T19:26:29Z|.stdout_success||complete||ROI features analysed for 8 videos
2025-04-01T19:48:09Z|SimbaProjectPopUp.stdout_success||complete||Loaded project C:/Users/User/Desktop/Tank1b_o1-o2_control/God20/project_folder/project_config.ini
2025-04-01T19:48:36Z|InferenceValidation||CLASS_INIT||clf_path: C:/Users/User/Desktop/Results/Results/models/validations/Hover.sav, input_file_path: C:/Users/User/Desktop/Tank1b_o1-o2_control/God20/project_folder/csv/features_extracted/6Sept24_Tank1_Dawn_pt1_1080p.csv, config_path: C:/Users/User/Desktop/Tank1b_o1-o2_control/God20/project_folder/project_config.ini
2025-04-01T19:48:37Z|InferenceValidation.FeatureNumberMismatchError||error||SIMBA FEATURE NUMBER MISMATCH ERROR: Mismatch in the number of features in input file C:/Users/User/Desktop/Tank1b_o1-o2_control/God20/project_folder/csv/features_extracted/6Sept24_Tank1_Dawn_pt1_1080p.csv, and what is expected by the model Hover. The model expects 885 features. The data contains 873 features.
2025-04-02T13:58:05Z|SimbaProjectPopUp.stdout_success||complete||Loaded project C:/Users/User/Desktop/Tank1b_o1-o2_control/God20/project_folder/project_config.ini
2025-04-02T14:00:45Z|InferenceValidation||CLASS_INIT||clf_path: C:/Users/User/Desktop/validations/Swim.sav, input_file_path: C:/Users/User/Desktop/Tank1b_o1-o2_control/God20/project_folder/csv/features_extracted/6Sept24_Tank1_Dawn_pt1_1080p.csv, config_path: C:/Users/User/Desktop/Tank1b_o1-o2_control/God20/project_folder/project_config.ini
2025-04-02T14:00:47Z|InferenceValidation.FeatureNumberMismatchError||error||SIMBA FEATURE NUMBER MISMATCH ERROR: Mismatch in the number of features in input file C:/Users/User/Desktop/Tank1b_o1-o2_control/God20/project_folder/csv/features_extracted/6Sept24_Tank1_Dawn_pt1_1080p.csv, and what is expected by the model Swim. The model expects 885 features. The data contains 873 features.
2025-04-02T14:02:24Z|check_file_exist_and_readable.NoFilesFoundError||error||SIMBA NO FILES FOUND ERROR: C:/Users/User/Desktop/Tank1b_o1-o2_control\God20\project_folder\csv\validation\6Sept24_Tank1_Dawn_pt1_1080p.csv is not a valid file path
2025-04-02T14:02:28Z|InferenceValidation||CLASS_INIT||clf_path: C:/Users/User/Desktop/validations/Swim.sav, input_file_path: C:/Users/User/Desktop/Tank1b_o1-o2_control/God20/project_folder/csv/features_extracted/6Sept24_Tank1_Dawn_pt1_1080p.csv, config_path: C:/Users/User/Desktop/Tank1b_o1-o2_control/God20/project_folder/project_config.ini
2025-04-02T14:02:29Z|InferenceValidation.FeatureNumberMismatchError||error||SIMBA FEATURE NUMBER MISMATCH ERROR: Mismatch in the number of features in input file C:/Users/User/Desktop/Tank1b_o1-o2_control/God20/project_folder/csv/features_extracted/6Sept24_Tank1_Dawn_pt1_1080p.csv, and what is expected by the model Swim. The model expects 885 features. The data contains 873 features.
2025-04-02T14:15:16Z|ROIFeatureCreator||CLASS_INIT||append_data: True, data_path: None, body_parts: ['bodypart15'], config_path: C:/Users/User/Desktop/Tank1b_o1-o2_control/God20/project_folder/project_config.ini
2025-04-02T14:15:16Z|ROIFeatureCreator||CLASS_INIT||append_data: True, data_path: None, body_parts: ['bodypart15'], config_path: C:/Users/User/Desktop/Tank1b_o1-o2_control/God20/project_folder/project_config.ini, animal: Animal_1, cnt: 0, bp: bodypart15
2025-04-02T14:15:47Z|.stdout_success||complete||ROI features analysed for 8 videos
2025-04-02T14:17:47Z|InferenceValidation||CLASS_INIT||clf_path: C:/Users/User/Desktop/validations/Swim.sav, input_file_path: C:/Users/User/Desktop/Tank1b_o1-o2_control/God20/project_folder/csv/features_extracted/6Sept24_Tank1_Dawn_pt1_1080p.csv, config_path: C:/Users/User/Desktop/Tank1b_o1-o2_control/God20/project_folder/project_config.ini
2025-04-02T14:17:54Z|InferenceValidation.stdout_success||complete||Validation predictions generated for "6Sept24_Tank1_Dawn_pt1_1080p" within the project_folder/csv/validation directory
2025-04-02T14:18:08Z|.FrameRangeWarning||warning||Frame -55 is outside of the video frame range: (0-46079).
2025-04-02T14:20:35Z|InferenceValidation||CLASS_INIT||clf_path: C:/Users/User/Desktop/validations/Tense.sav, input_file_path: C:/Users/User/Desktop/Tank1b_o1-o2_control/God20/project_folder/csv/features_extracted/6Sept24_Tank1_Dawn_pt1_1080p.csv, config_path: C:/Users/User/Desktop/Tank1b_o1-o2_control/God20/project_folder/project_config.ini
2025-04-02T14:20:42Z|InferenceValidation.stdout_success||complete||Validation predictions generated for "6Sept24_Tank1_Dawn_pt1_1080p" within the project_folder/csv/validation directory
2025-04-02T14:20:50Z|.FrameRangeWarning||warning||Frame -771 is outside of the video frame range: (0-46079).
2025-04-02T14:21:52Z|InferenceValidation||CLASS_INIT||clf_path: C:/Users/User/Desktop/validations/Rest.sav, input_file_path: C:/Users/User/Desktop/Tank1b_o1-o2_control/God20/project_folder/csv/features_extracted/6Sept24_Tank1_Dawn_pt1_1080p.csv, config_path: C:/Users/User/Desktop/Tank1b_o1-o2_control/God20/project_folder/project_config.ini
2025-04-02T14:21:58Z|InferenceValidation.stdout_success||complete||Validation predictions generated for "6Sept24_Tank1_Dawn_pt1_1080p" within the project_folder/csv/validation directory
2025-04-02T14:23:06Z|InferenceValidation||CLASS_INIT||clf_path: C:/Users/User/Desktop/validations/Hover.sav, input_file_path: C:/Users/User/Desktop/Tank1b_o1-o2_control/God20/project_folder/csv/features_extracted/6Sept24_Tank1_Dawn_pt1_1080p.csv, config_path: C:/Users/User/Desktop/Tank1b_o1-o2_control/God20/project_folder/project_config.ini
2025-04-02T14:23:13Z|InferenceValidation.stdout_success||complete||Validation predictions generated for "6Sept24_Tank1_Dawn_pt1_1080p" within the project_folder/csv/validation directory
2025-04-02T14:26:41Z|SetMachineModelParameters.stdout_success||complete||Model paths/settings saved in project_config.ini
2025-04-02T14:27:00Z|InferenceBatch||CLASS_INIT||minimum_bout_length: None, save_dir: None, features_dir: None, config_path: C:/Users/User/Desktop/Tank1b_o1-o2_control/God20/project_folder/project_config.ini
2025-04-02T14:31:09Z|SimbaProjectPopUp.stdout_success||complete||Loaded project C:/Users/User/Desktop/Tank1b_o1-o2_control/God20/project_folder/project_config.ini
2025-04-02T14:31:14Z|InferenceBatch||CLASS_INIT||minimum_bout_length: None, save_dir: None, features_dir: None, config_path: C:/Users/User/Desktop/Tank1b_o1-o2_control/God20/project_folder/project_config.ini
2025-04-02T14:31:33Z|InferenceBatch.FeatureNumberMismatchError||error||SIMBA FEATURE NUMBER MISMATCH ERROR: Mismatch in the number of features in input file C:/Users/User/Desktop/Tank1b_o1-o2_control\God20\project_folder\csv\features_extracted\6Sept24_Tank1_Dawn_pt2_1080p.csv, and what is expected by the model Hover. The model expects 885 features. The data contains 873 features.
2025-04-02T14:33:21Z|ROIFeatureCreator||CLASS_INIT||append_data: True, data_path: None, body_parts: ['bodypart15'], config_path: C:/Users/User/Desktop/Tank1b_o1-o2_control/God20/project_folder/project_config.ini
2025-04-02T14:33:21Z|ROIFeatureCreator||CLASS_INIT||append_data: True, data_path: None, body_parts: ['bodypart15'], config_path: C:/Users/User/Desktop/Tank1b_o1-o2_control/God20/project_folder/project_config.ini, animal: Animal_1, cnt: 0, bp: bodypart15
2025-04-02T14:33:21Z|ROIFeatureCreator.NoFilesFoundError||error||SIMBA NO FILES FOUND ERROR: Before appending ROI features, make sure each video is represented in both the C:/Users/User/Desktop/Tank1b_o1-o2_control\God20\project_folder\csv\outlier_corrected_movement_location and C:/Users/User/Desktop/Tank1b_o1-o2_control\God20\project_folder\csv\features_extracted directory, you have data files that are only represented in one folder {'7Sept24_Tank1_Dawn_pt2_1080p', '7Sept24_Tank1_Dawn_pt1_1080p'} set()
2025-04-02T14:33:27Z|ROIFeatureCreator||CLASS_INIT||append_data: True, data_path: None, body_parts: ['bodypart15'], config_path: C:/Users/User/Desktop/Tank1b_o1-o2_control/God20/project_folder/project_config.ini
2025-04-02T14:33:27Z|ROIFeatureCreator||CLASS_INIT||append_data: True, data_path: None, body_parts: ['bodypart15'], config_path: C:/Users/User/Desktop/Tank1b_o1-o2_control/God20/project_folder/project_config.ini, animal: Animal_1, cnt: 0, bp: bodypart15
2025-04-02T14:33:27Z|ROIFeatureCreator.NoFilesFoundError||error||SIMBA NO FILES FOUND ERROR: Before appending ROI features, make sure each video is represented in both the C:/Users/User/Desktop/Tank1b_o1-o2_control\God20\project_folder\csv\outlier_corrected_movement_location and C:/Users/User/Desktop/Tank1b_o1-o2_control\God20\project_folder\csv\features_extracted directory, you have data files that are only represented in one folder {'7Sept24_Tank1_Dawn_pt2_1080p', '7Sept24_Tank1_Dawn_pt1_1080p'} set()
2025-04-02T14:53:40Z|ROIFeatureCreator||CLASS_INIT||append_data: True, data_path: None, body_parts: ['bodypart15'], config_path: C:/Users/User/Desktop/Tank1b_o1-o2_control/God20/project_folder/project_config.ini
2025-04-02T14:53:40Z|ROIFeatureCreator||CLASS_INIT||append_data: True, data_path: None, body_parts: ['bodypart15'], config_path: C:/Users/User/Desktop/Tank1b_o1-o2_control/God20/project_folder/project_config.ini, animal: Animal_1, cnt: 0, bp: bodypart15
2025-04-02T14:54:12Z|.stdout_success||complete||ROI features analysed for 8 videos
2025-04-02T14:54:54Z|InferenceBatch||CLASS_INIT||minimum_bout_length: None, save_dir: None, features_dir: None, config_path: C:/Users/User/Desktop/Tank1b_o1-o2_control/God20/project_folder/project_config.ini
2025-04-02T14:56:11Z|InferenceBatch.stdout_success||complete||Machine predictions complete. Files saved in C:/Users/User/Desktop/Tank1b_o1-o2_control\God20\project_folder\csv\machine_results directory
2025-04-02T14:57:10Z|InferenceValidation||CLASS_INIT||clf_path: C:/Users/User/Desktop/validations/Tense.sav, input_file_path: C:/Users/User/Desktop/Tank1b_o1-o2_control/God20/project_folder/csv/features_extracted/7Sept24_Tank1_Dawn_pt1_1080p.csv, config_path: C:/Users/User/Desktop/Tank1b_o1-o2_control/God20/project_folder/project_config.ini
2025-04-02T14:57:17Z|InferenceValidation.stdout_success||complete||Validation predictions generated for "7Sept24_Tank1_Dawn_pt1_1080p" within the project_folder/csv/validation directory
2025-04-02T14:58:06Z|InferenceValidation||CLASS_INIT||clf_path: C:/Users/User/Desktop/validations/Swim.sav, input_file_path: C:/Users/User/Desktop/Tank1b_o1-o2_control/God20/project_folder/csv/features_extracted/7Sept24_Tank1_Dawn_pt1_1080p.csv, config_path: C:/Users/User/Desktop/Tank1b_o1-o2_control/God20/project_folder/project_config.ini
2025-04-02T14:58:10Z|read_df.InvalidFileTypeError||error||SIMBA INVALID FILE TYPE ERROR: C:/Users/User/Desktop/Tank1b_o1-o2_control\God20\project_folder\csv\validation\7Sept24_Tank1_Dawn_pt1_1080p.csv is not a valid CSV file
2025-04-02T14:58:14Z|InferenceValidation.stdout_success||complete||Validation predictions generated for "7Sept24_Tank1_Dawn_pt1_1080p" within the project_folder/csv/validation directory
2025-04-02T15:02:48Z|InferenceValidation||CLASS_INIT||clf_path: C:/Users/User/Desktop/validations/Rest.sav, input_file_path: C:/Users/User/Desktop/Tank1b_o1-o2_control/God20/project_folder/csv/features_extracted/7Sept24_Tank1_Dawn_pt1_1080p.csv, config_path: C:/Users/User/Desktop/Tank1b_o1-o2_control/God20/project_folder/project_config.ini
2025-04-02T15:02:55Z|InferenceValidation.stdout_success||complete||Validation predictions generated for "7Sept24_Tank1_Dawn_pt1_1080p" within the project_folder/csv/validation directory
2025-04-02T15:05:17Z|InferenceValidation||CLASS_INIT||clf_path: C:/Users/User/Desktop/validations/Hover.sav, input_file_path: C:/Users/User/Desktop/Tank1b_o1-o2_control/God20/project_folder/csv/features_extracted/7Sept24_Tank1_Dawn_pt1_1080p.csv, config_path: C:/Users/User/Desktop/Tank1b_o1-o2_control/God20/project_folder/project_config.ini
2025-04-02T15:05:25Z|InferenceValidation.stdout_success||complete||Validation predictions generated for "7Sept24_Tank1_Dawn_pt1_1080p" within the project_folder/csv/validation directory
2025-04-02T15:08:27Z|SetMachineModelParameters.stdout_success||complete||Model paths/settings saved in project_config.ini
2025-04-02T15:08:33Z|InferenceBatch||CLASS_INIT||minimum_bout_length: None, save_dir: None, features_dir: None, config_path: C:/Users/User/Desktop/Tank1b_o1-o2_control/God20/project_folder/project_config.ini
2025-04-02T15:09:02Z|InferenceBatch.stdout_success||complete||Machine predictions complete. Files saved in C:/Users/User/Desktop/Tank1b_o1-o2_control\God20\project_folder\csv\machine_results directory
2025-04-09T16:57:05Z|SimbaProjectPopUp.stdout_success||complete||Loaded project C:/Users/User/Desktop/Tank1b_o1-o2_control/God20/project_folder/project_config.ini
2025-04-09T16:57:29Z|Smoothing||CLASS_INIT||copy_originals: True, multi_index_df_headers: False, method: savitzky-golay, time_window: 200, data_path: C:/Users/User/Desktop/Tank1b_o1-o2_control/God20/project_folder/csv/input_csv/processed, config_path: C:/Users/User/Desktop/Tank1b_o1-o2_control/God20/project_folder/project_config.ini
2025-04-09T16:57:33Z|Smoothing.stdout_success||complete||8 data file(s) smoothened using savitzky-golay method and 200 time-window. Originals saved in C:/Users/User/Desktop/Tank1b_o1-o2_control/God20/project_folder/csv/input_csv/processed\Pre_savitzky-golay_200_smoothing_20250409165729 directory.
2025-04-09T16:58:48Z|.stdout_success||complete||Skipped outlier correction for 8 files
2025-04-09T17:10:25Z|SimbaProjectPopUp.stdout_success||complete||Custom feature extraction complete!
2025-04-09T17:36:14Z|InferenceValidation||CLASS_INIT||clf_path: C:/Users/User/Desktop/validations/Relax.sav, input_file_path: C:/Users/User/Desktop/Tank1b_o1-o2_control/God20/project_folder/csv/features_extracted/6Sept24_Tank1_Dawn_pt1_1080p.csv, config_path: C:/Users/User/Desktop/Tank1b_o1-o2_control/God20/project_folder/project_config.ini
2025-04-09T17:36:16Z|InferenceValidation.FeatureNumberMismatchError||error||SIMBA FEATURE NUMBER MISMATCH ERROR: Mismatch in the number of features in input file C:/Users/User/Desktop/Tank1b_o1-o2_control/God20/project_folder/csv/features_extracted/6Sept24_Tank1_Dawn_pt1_1080p.csv, and what is expected by the model Relax. The model expects 893 features. The data contains 859 features.
2025-04-09T17:36:19Z|.InvalidInputError||error||SIMBA VALUE ERROR: The classifier Relax is not a classifier in the SimBA project: ['Hover', 'Rest', 'Swim', 'Tense']
2025-04-09T17:36:21Z|.InvalidInputError||error||SIMBA VALUE ERROR: The classifier Relax is not a classifier in the SimBA project: ['Hover', 'Rest', 'Swim', 'Tense']
2025-04-09T17:36:22Z|.InvalidInputError||error||SIMBA VALUE ERROR: The classifier Relax is not a classifier in the SimBA project: ['Hover', 'Rest', 'Swim', 'Tense']
2025-04-09T17:36:23Z|.InvalidInputError||error||SIMBA VALUE ERROR: The classifier Relax is not a classifier in the SimBA project: ['Hover', 'Rest', 'Swim', 'Tense']
2025-04-09T17:40:42Z|ROIFeatureCreator||CLASS_INIT||append_data: True, data_path: None, body_parts: ['bodypart2', 'bodypart16', 'Fish_mid'], config_path: C:/Users/User/Desktop/Tank1b_o1-o2_control/God20/project_folder/project_config.ini
2025-04-09T17:40:42Z|ROIFeatureCreator||CLASS_INIT||append_data: True, data_path: None, body_parts: ['bodypart2', 'bodypart16', 'Fish_mid'], config_path: C:/Users/User/Desktop/Tank1b_o1-o2_control/God20/project_folder/project_config.ini, animal: Animal_1, cnt: 2, bp: Fish_mid
2025-04-09T17:41:20Z|.stdout_success||complete||ROI features analysed for 8 videos
2025-04-09T17:41:37Z|InferenceValidation||CLASS_INIT||clf_path: C:/Users/User/Desktop/validations/Relax.sav, input_file_path: C:/Users/User/Desktop/Tank1b_o1-o2_control/God20/project_folder/csv/features_extracted/6Sept24_Tank1_Dawn_pt1_1080p.csv, config_path: C:/Users/User/Desktop/Tank1b_o1-o2_control/God20/project_folder/project_config.ini
2025-04-09T17:41:38Z|InferenceValidation.BodypartColumnNotFoundWarning||warning||SimBA could not drop body-part coordinates, some body-part names are missing in dataframe. SimBA expected the following body-parts, that could not be found inside the file: ['Fish_mid_p']
2025-04-09T17:41:41Z|.InvalidInputError||error||SIMBA VALUE ERROR: The classifier Relax is not a classifier in the SimBA project: ['Hover', 'Rest', 'Swim', 'Tense']
2025-04-09T17:41:44Z|.InvalidInputError||error||SIMBA VALUE ERROR: The classifier Relax is not a classifier in the SimBA project: ['Hover', 'Rest', 'Swim', 'Tense']
2025-04-09T17:41:44Z|InferenceValidation.stdout_success||complete||Validation predictions generated for "6Sept24_Tank1_Dawn_pt1_1080p" within the project_folder/csv/validation directory
2025-04-09T17:41:45Z|.InvalidInputError||error||SIMBA VALUE ERROR: The classifier Relax is not a classifier in the SimBA project: ['Hover', 'Rest', 'Swim', 'Tense']
2025-04-09T17:41:45Z|.InvalidInputError||error||SIMBA VALUE ERROR: The classifier Relax is not a classifier in the SimBA project: ['Hover', 'Rest', 'Swim', 'Tense']
2025-04-09T17:41:46Z|.InvalidInputError||error||SIMBA VALUE ERROR: The classifier Relax is not a classifier in the SimBA project: ['Hover', 'Rest', 'Swim', 'Tense']
2025-04-09T17:41:47Z|.InvalidInputError||error||SIMBA VALUE ERROR: The classifier Relax is not a classifier in the SimBA project: ['Hover', 'Rest', 'Swim', 'Tense']
2025-04-09T17:41:47Z|.InvalidInputError||error||SIMBA VALUE ERROR: The classifier Relax is not a classifier in the SimBA project: ['Hover', 'Rest', 'Swim', 'Tense']
2025-04-09T17:41:47Z|.InvalidInputError||error||SIMBA VALUE ERROR: The classifier Relax is not a classifier in the SimBA project: ['Hover', 'Rest', 'Swim', 'Tense']
2025-04-09T17:42:02Z|AddClfPopUp.stdout_success||complete||Relax classifier added to SimBA project
2025-04-09T17:42:07Z|InferenceValidation||CLASS_INIT||clf_path: C:/Users/User/Desktop/validations/Relax.sav, input_file_path: C:/Users/User/Desktop/Tank1b_o1-o2_control/God20/project_folder/csv/features_extracted/6Sept24_Tank1_Dawn_pt1_1080p.csv, config_path: C:/Users/User/Desktop/Tank1b_o1-o2_control/God20/project_folder/project_config.ini
2025-04-09T17:42:09Z|InferenceValidation.BodypartColumnNotFoundWarning||warning||SimBA could not drop body-part coordinates, some body-part names are missing in dataframe. SimBA expected the following body-parts, that could not be found inside the file: ['Fish_mid_p']
2025-04-09T17:42:15Z|InferenceValidation.stdout_success||complete||Validation predictions generated for "6Sept24_Tank1_Dawn_pt1_1080p" within the project_folder/csv/validation directory
2025-04-09T17:46:55Z|InferenceValidation||CLASS_INIT||clf_path: C:/Users/User/Desktop/validations/Swim.sav, input_file_path: C:/Users/User/Desktop/Tank1b_o1-o2_control/God20/project_folder/csv/features_extracted/6Sept24_Tank1_Dawn_pt1_1080p.csv, config_path: C:/Users/User/Desktop/Tank1b_o1-o2_control/God20/project_folder/project_config.ini
2025-04-09T17:46:57Z|InferenceValidation.BodypartColumnNotFoundWarning||warning||SimBA could not drop body-part coordinates, some body-part names are missing in dataframe. SimBA expected the following body-parts, that could not be found inside the file: ['Fish_mid_p']
2025-04-09T17:47:00Z|.ColumnNotFoundError||error||SIMBA ERROR: Field name Probability_Swim could not be found in file C:/Users/User/Desktop/Tank1b_o1-o2_control\God20\project_folder\csv\validation\6Sept24_Tank1_Dawn_pt1_1080p.csv
2025-04-09T17:47:04Z|InferenceValidation.stdout_success||complete||Validation predictions generated for "6Sept24_Tank1_Dawn_pt1_1080p" within the project_folder/csv/validation directory
2025-04-09T17:58:31Z|InferenceValidation||CLASS_INIT||clf_path: C:/Users/User/Desktop/validations/Tense.sav, input_file_path: C:/Users/User/Desktop/Tank1b_o1-o2_control/God20/project_folder/csv/features_extracted/6Sept24_Tank1_Dawn_pt1_1080p.csv, config_path: C:/Users/User/Desktop/Tank1b_o1-o2_control/God20/project_folder/project_config.ini
2025-04-09T17:58:32Z|InferenceValidation.BodypartColumnNotFoundWarning||warning||SimBA could not drop body-part coordinates, some body-part names are missing in dataframe. SimBA expected the following body-parts, that could not be found inside the file: ['Fish_mid_p']
2025-04-09T17:58:38Z|InferenceValidation.stdout_success||complete||Validation predictions generated for "6Sept24_Tank1_Dawn_pt1_1080p" within the project_folder/csv/validation directory
2025-04-09T17:58:53Z|.FrameRangeWarning||warning||Frame -464 is outside of the video frame range: (0-46079).
2025-04-09T18:08:15Z|InferenceValidation||CLASS_INIT||clf_path: C:/Users/User/Desktop/validations/Rest.sav, input_file_path: C:/Users/User/Desktop/Tank1b_o1-o2_control/God20/project_folder/csv/features_extracted/6Sept24_Tank1_Dawn_pt1_1080p.csv, config_path: C:/Users/User/Desktop/Tank1b_o1-o2_control/God20/project_folder/project_config.ini
2025-04-09T18:08:16Z|InferenceValidation.BodypartColumnNotFoundWarning||warning||SimBA could not drop body-part coordinates, some body-part names are missing in dataframe. SimBA expected the following body-parts, that could not be found inside the file: ['Fish_mid_p']
2025-04-09T18:08:19Z|.ColumnNotFoundError||error||SIMBA ERROR: Field name Probability_Rest could not be found in file C:/Users/User/Desktop/Tank1b_o1-o2_control\God20\project_folder\csv\validation\6Sept24_Tank1_Dawn_pt1_1080p.csv
2025-04-09T18:08:23Z|InferenceValidation.stdout_success||complete||Validation predictions generated for "6Sept24_Tank1_Dawn_pt1_1080p" within the project_folder/csv/validation directory
2025-04-09T18:09:28Z|InferenceValidation||CLASS_INIT||clf_path: C:/Users/User/Desktop/validations/Rest.sav, input_file_path: C:/Users/User/Desktop/Tank1b_o1-o2_control/God20/project_folder/csv/features_extracted/7Sept24_Tank1_Dawn_pt1_1080p.csv, config_path: C:/Users/User/Desktop/Tank1b_o1-o2_control/God20/project_folder/project_config.ini
2025-04-09T18:09:30Z|InferenceValidation.BodypartColumnNotFoundWarning||warning||SimBA could not drop body-part coordinates, some body-part names are missing in dataframe. SimBA expected the following body-parts, that could not be found inside the file: ['Fish_mid_p']
2025-04-09T18:09:32Z|.ColumnNotFoundError||error||SIMBA ERROR: Field name Probability_Rest could not be found in file C:/Users/User/Desktop/Tank1b_o1-o2_control\God20\project_folder\csv\validation\7Sept24_Tank1_Dawn_pt1_1080p.csv
2025-04-09T18:09:36Z|InferenceValidation.stdout_success||complete||Validation predictions generated for "7Sept24_Tank1_Dawn_pt1_1080p" within the project_folder/csv/validation directory
2025-04-09T18:10:30Z|InferenceValidation||CLASS_INIT||clf_path: C:/Users/User/Desktop/validations/Hover.sav, input_file_path: C:/Users/User/Desktop/Tank1b_o1-o2_control/God20/project_folder/csv/features_extracted/7Sept24_Tank1_Dawn_pt1_1080p.csv, config_path: C:/Users/User/Desktop/Tank1b_o1-o2_control/God20/project_folder/project_config.ini
2025-04-09T18:10:31Z|InferenceValidation.BodypartColumnNotFoundWarning||warning||SimBA could not drop body-part coordinates, some body-part names are missing in dataframe. SimBA expected the following body-parts, that could not be found inside the file: ['Fish_mid_p']
2025-04-09T18:10:37Z|InferenceValidation.stdout_success||complete||Validation predictions generated for "7Sept24_Tank1_Dawn_pt1_1080p" within the project_folder/csv/validation directory
2025-04-09T18:11:23Z|.FrameRangeWarning||warning||Frame -771 is outside of the video frame range: (0-46079).
2025-04-09T18:11:48Z|InferenceValidation||CLASS_INIT||clf_path: C:/Users/User/Desktop/validations/Swim.sav, input_file_path: C:/Users/User/Desktop/Tank1b_o1-o2_control/God20/project_folder/csv/features_extracted/7Sept24_Tank1_Dawn_pt1_1080p.csv, config_path: C:/Users/User/Desktop/Tank1b_o1-o2_control/God20/project_folder/project_config.ini
2025-04-09T18:11:49Z|InferenceValidation.BodypartColumnNotFoundWarning||warning||SimBA could not drop body-part coordinates, some body-part names are missing in dataframe. SimBA expected the following body-parts, that could not be found inside the file: ['Fish_mid_p']
2025-04-09T18:11:55Z|InferenceValidation.stdout_success||complete||Validation predictions generated for "7Sept24_Tank1_Dawn_pt1_1080p" within the project_folder/csv/validation directory
2025-04-09T18:14:10Z|SetMachineModelParameters.stdout_success||complete||Model paths/settings saved in project_config.ini
2025-04-09T18:14:16Z|InferenceBatch||CLASS_INIT||minimum_bout_length: None, save_dir: None, features_dir: None, config_path: C:/Users/User/Desktop/Tank1b_o1-o2_control/God20/project_folder/project_config.ini
2025-04-09T18:14:17Z|InferenceBatch.BodypartColumnNotFoundWarning||warning||SimBA could not drop body-part coordinates, some body-part names are missing in dataframe. SimBA expected the following body-parts, that could not be found inside the file: ['Fish_mid_p']
2025-04-09T18:14:36Z|InferenceBatch.BodypartColumnNotFoundWarning||warning||SimBA could not drop body-part coordinates, some body-part names are missing in dataframe. SimBA expected the following body-parts, that could not be found inside the file: ['Fish_mid_p']
2025-04-09T18:14:47Z|InferenceBatch.BodypartColumnNotFoundWarning||warning||SimBA could not drop body-part coordinates, some body-part names are missing in dataframe. SimBA expected the following body-parts, that could not be found inside the file: ['Fish_mid_p']
2025-04-09T18:15:06Z|InferenceBatch.BodypartColumnNotFoundWarning||warning||SimBA could not drop body-part coordinates, some body-part names are missing in dataframe. SimBA expected the following body-parts, that could not be found inside the file: ['Fish_mid_p']
2025-04-09T18:15:17Z|InferenceBatch.BodypartColumnNotFoundWarning||warning||SimBA could not drop body-part coordinates, some body-part names are missing in dataframe. SimBA expected the following body-parts, that could not be found inside the file: ['Fish_mid_p']
2025-04-09T18:15:36Z|InferenceBatch.BodypartColumnNotFoundWarning||warning||SimBA could not drop body-part coordinates, some body-part names are missing in dataframe. SimBA expected the following body-parts, that could not be found inside the file: ['Fish_mid_p']
2025-04-09T18:15:51Z|InferenceBatch.BodypartColumnNotFoundWarning||warning||SimBA could not drop body-part coordinates, some body-part names are missing in dataframe. SimBA expected the following body-parts, that could not be found inside the file: ['Fish_mid_p']
2025-04-09T18:16:10Z|InferenceBatch.BodypartColumnNotFoundWarning||warning||SimBA could not drop body-part coordinates, some body-part names are missing in dataframe. SimBA expected the following body-parts, that could not be found inside the file: ['Fish_mid_p']
2025-04-09T18:17:55Z|SimbaProjectPopUp.stdout_success||complete||Loaded project C:/Users/User/Desktop/Tank1b_o1-o2_control/God20/project_folder/project_config.ini
2025-04-09T18:18:17Z|InferenceBatch||CLASS_INIT||minimum_bout_length: None, save_dir: None, features_dir: None, config_path: C:/Users/User/Desktop/Tank1b_o1-o2_control/God20/project_folder/project_config.ini
2025-04-09T18:18:18Z|InferenceBatch.BodypartColumnNotFoundWarning||warning||SimBA could not drop body-part coordinates, some body-part names are missing in dataframe. SimBA expected the following body-parts, that could not be found inside the file: ['Fish_mid_p']
2025-04-09T18:18:35Z|InferenceBatch.BodypartColumnNotFoundWarning||warning||SimBA could not drop body-part coordinates, some body-part names are missing in dataframe. SimBA expected the following body-parts, that could not be found inside the file: ['Fish_mid_p']
2025-04-09T18:18:46Z|InferenceBatch.BodypartColumnNotFoundWarning||warning||SimBA could not drop body-part coordinates, some body-part names are missing in dataframe. SimBA expected the following body-parts, that could not be found inside the file: ['Fish_mid_p']
2025-04-09T18:19:04Z|InferenceBatch.BodypartColumnNotFoundWarning||warning||SimBA could not drop body-part coordinates, some body-part names are missing in dataframe. SimBA expected the following body-parts, that could not be found inside the file: ['Fish_mid_p']
2025-04-09T18:19:15Z|InferenceBatch.BodypartColumnNotFoundWarning||warning||SimBA could not drop body-part coordinates, some body-part names are missing in dataframe. SimBA expected the following body-parts, that could not be found inside the file: ['Fish_mid_p']
2025-04-09T18:19:33Z|InferenceBatch.BodypartColumnNotFoundWarning||warning||SimBA could not drop body-part coordinates, some body-part names are missing in dataframe. SimBA expected the following body-parts, that could not be found inside the file: ['Fish_mid_p']
2025-04-09T18:19:47Z|InferenceBatch.BodypartColumnNotFoundWarning||warning||SimBA could not drop body-part coordinates, some body-part names are missing in dataframe. SimBA expected the following body-parts, that could not be found inside the file: ['Fish_mid_p']
2025-04-09T18:20:06Z|InferenceBatch.BodypartColumnNotFoundWarning||warning||SimBA could not drop body-part coordinates, some body-part names are missing in dataframe. SimBA expected the following body-parts, that could not be found inside the file: ['Fish_mid_p']
2025-04-09T18:20:15Z|InferenceBatch.stdout_success||complete||Machine predictions complete. Files saved in C:/Users/User/Desktop/Tank1b_o1-o2_control\God20\project_folder\csv\machine_results directory
2025-04-09T18:36:13Z|InferenceValidation||CLASS_INIT||clf_path: C:/Users/User/Desktop/validations/Swim.sav, input_file_path: C:/Users/User/Desktop/Tank1b_o1-o2_control/God20/project_folder/csv/features_extracted/7Sept24_Tank1_Dawn_pt1_1080p.csv, config_path: C:/Users/User/Desktop/Tank1b_o1-o2_control/God20/project_folder/project_config.ini
2025-04-09T18:36:14Z|InferenceValidation.BodypartColumnNotFoundWarning||warning||SimBA could not drop body-part coordinates, some body-part names are missing in dataframe. SimBA expected the following body-parts, that could not be found inside the file: ['Fish_mid_p']
2025-04-09T18:36:15Z|InferenceValidation.FeatureNumberMismatchError||error||SIMBA FEATURE NUMBER MISMATCH ERROR: Mismatch in the number of features in input file C:/Users/User/Desktop/Tank1b_o1-o2_control/God20/project_folder/csv/features_extracted/7Sept24_Tank1_Dawn_pt1_1080p.csv, and what is expected by the model Swim. The model expects 893 features. The data contains 857 features.
2025-04-09T18:36:39Z|InferenceBatch||CLASS_INIT||minimum_bout_length: None, save_dir: None, features_dir: None, config_path: C:/Users/User/Desktop/Tank1b_o1-o2_control/God20/project_folder/project_config.ini
2025-04-09T18:36:40Z|InferenceBatch.BodypartColumnNotFoundWarning||warning||SimBA could not drop body-part coordinates, some body-part names are missing in dataframe. SimBA expected the following body-parts, that could not be found inside the file: ['Fish_mid_p']
2025-04-09T18:36:44Z|InferenceBatch.FeatureNumberMismatchError||error||SIMBA FEATURE NUMBER MISMATCH ERROR: Mismatch in the number of features in input file C:/Users/User/Desktop/Tank1b_o1-o2_control\God20\project_folder\csv\features_extracted\7Sept24_Tank1_Dawn_pt1_1080p.csv, and what is expected by the model Hover. The model expects 893 features. The data contains 857 features.
2025-04-09T18:37:33Z|ROIFeatureCreator||CLASS_INIT||append_data: True, data_path: None, body_parts: ['bodypart16', 'Fish_mid', 'bodypart2'], config_path: C:/Users/User/Desktop/Tank1b_o1-o2_control/God20/project_folder/project_config.ini
2025-04-09T18:37:33Z|ROIFeatureCreator||CLASS_INIT||append_data: True, data_path: None, body_parts: ['bodypart16', 'Fish_mid', 'bodypart2'], config_path: C:/Users/User/Desktop/Tank1b_o1-o2_control/God20/project_folder/project_config.ini, animal: Animal_1, cnt: 2, bp: bodypart2
2025-04-09T18:37:33Z|ROIFeatureCreator.NoFilesFoundError||error||SIMBA NO FILES FOUND ERROR: Before appending ROI features, make sure each video is represented in both the C:/Users/User/Desktop/Tank1b_o1-o2_control\God20\project_folder\csv\outlier_corrected_movement_location and C:/Users/User/Desktop/Tank1b_o1-o2_control\God20\project_folder\csv\features_extracted directory, you have data files that are only represented in one folder {'7Sept24_Tank1_Midday_pt2_1080p', '6Sept24_Tank1_Dawn_pt2_1080p', '7Sept24_Tank1_Midday_pt1_1080p', '6Sept24_Tank1_Midday_pt2_1080p', '6Sept24_Tank1_Midday_pt1_1080p', '6Sept24_Tank1_Dawn_pt1_1080p'} set()
2025-04-09T18:39:55Z|ROIFeatureCreator||CLASS_INIT||append_data: True, data_path: None, body_parts: ['bodypart16', 'Fish_mid', 'bodypart2'], config_path: C:/Users/User/Desktop/Tank1b_o1-o2_control/God20/project_folder/project_config.ini
2025-04-09T18:39:55Z|ROIFeatureCreator||CLASS_INIT||append_data: True, data_path: None, body_parts: ['bodypart16', 'Fish_mid', 'bodypart2'], config_path: C:/Users/User/Desktop/Tank1b_o1-o2_control/God20/project_folder/project_config.ini, animal: Animal_1, cnt: 2, bp: bodypart2
2025-04-09T18:39:55Z|ROIFeatureCreator.NoFilesFoundError||error||SIMBA NO FILES FOUND ERROR: Before appending ROI features, make sure each video is represented in both the C:/Users/User/Desktop/Tank1b_o1-o2_control\God20\project_folder\csv\outlier_corrected_movement_location and C:/Users/User/Desktop/Tank1b_o1-o2_control\God20\project_folder\csv\features_extracted directory, you have data files that are only represented in one folder {'7Sept24_Tank1_Midday_pt2_1080p', '6Sept24_Tank1_Dawn_pt2_1080p', '7Sept24_Tank1_Midday_pt1_1080p', '6Sept24_Tank1_Midday_pt2_1080p', '6Sept24_Tank1_Midday_pt1_1080p', '6Sept24_Tank1_Dawn_pt1_1080p'} set()
2025-06-18T11:59:56Z|SimbaProjectPopUp.stdout_success||complete||Loaded project C:/Users/User/Desktop/Tank1b_o1-o2_control/God20/project_folder/project_config.ini
2025-06-19T12:16:34Z|SimbaProjectPopUp.stdout_success||complete||Loaded project C:/Users/User/Desktop/Lionfish_feature_extraction_code/Simba_config/project_folder/project_config.ini
2025-06-19T12:17:03Z|SimbaProjectPopUp.stdout_success||complete||Custom feature extraction complete!
2025-06-19T12:31:45Z|SimbaProjectPopUp.stdout_success||complete||Custom feature extraction complete!
2025-06-22T11:55:59Z|SimbaProjectPopUp.stdout_success||complete||Loaded project C:/Users/User/Desktop/Lionfish_feature_extraction_code/Simba_config/project_folder/project_config.ini
2025-06-22T12:09:39Z|.stdout_success||complete||Project directory tree and project_config.ini created in C:/Users/User/Desktop/Lionfish_feature_extraction_code\test111\project_folder
2025-06-22T13:28:15Z|SimbaProjectPopUp.stdout_success||complete||Custom feature extraction complete!
2025-06-22T17:46:47Z|SimbaProjectPopUp.stdout_success||complete||Loaded project C:/Users/User/Desktop/Lionfish_feature_extraction_code/Simba_config/project_folder/project_config.ini
2025-06-22T17:47:32Z|SimbaProjectPopUp.stdout_success||complete||Custom feature extraction complete!
2025-06-22T17:48:00Z|SimbaProjectPopUp.stdout_success||complete||Custom feature extraction complete!
2025-06-22T17:48:19Z|SimbaProjectPopUp.stdout_success||complete||Custom feature extraction complete!
2025-06-22T17:48:30Z|SimbaProjectPopUp.stdout_success||complete||Custom feature extraction complete!
2025-06-22T17:48:41Z|SimbaProjectPopUp.stdout_success||complete||Custom feature extraction complete!
2025-06-22T17:48:48Z|SimbaProjectPopUp.stdout_success||complete||Custom feature extraction complete!
2025-06-22T17:48:56Z|SimbaProjectPopUp.stdout_success||complete||Custom feature extraction complete!
2025-06-22T17:49:10Z|SimbaProjectPopUp.stdout_success||complete||Custom feature extraction complete!
2025-06-22T21:17:03Z|SimbaProjectPopUp.stdout_success||complete||Custom feature extraction complete!
2025-06-23T09:50:46Z|SimbaProjectPopUp.stdout_success||complete||Custom feature extraction complete!
2025-06-23T09:55:59Z|SimbaProjectPopUp.stdout_success||complete||Custom feature extraction complete!
2025-06-23T10:26:55Z|SimbaProjectPopUp.stdout_success||complete||Custom feature extraction complete!
2025-06-23T10:29:26Z|SimbaProjectPopUp.stdout_success||complete||Custom feature extraction complete!
2025-06-23T10:30:35Z|SimbaProjectPopUp.stdout_success||complete||Custom feature extraction complete!
2025-06-23T11:00:17Z|SimbaProjectPopUp.stdout_success||complete||Loaded project C:/Users/User/Desktop/Lionfish_feature_extraction_code/Simba_config/project_folder/project_config.ini
2025-06-23T11:00:34Z|SimbaProjectPopUp.stdout_success||complete||Custom feature extraction complete!
